Temp/gradleOut/build/outputs/logs/manifest-merger-debug-report.txt
-- Merging decision tree log ---
manifest
ADDED from src/main/AndroidManifest.xml:2:1-33:12
INJECTED from src/main/AndroidManifest.xml:2:1-33:12
INJECTED from src/main/AndroidManifest.xml:2:1-33:12
INJECTED from src/main/AndroidManifest.xml:2:1-33:12
MERGED from [:arcore_client:] AndroidManifest.xml:17:1-46:12
MERGED from [:arcore_unity:] AndroidManifest.xml:2:1-8:12
MERGED from [:google_ar_required:] AndroidManifest.xml:2:1-11:12
MERGED from [:unityandroidpermissions:] AndroidManifest.xml:6:1-15:12
MERGED from [:unitygar:] AndroidManifest.xml:2:1-11:12
INJECTED from src/main/AndroidManifest.xml:2:1-33:12
INJECTED from src/main/AndroidManifest.xml:2:1-33:12
INJECTED from src/main/AndroidManifest.xml:2:1-33:12
	package
		ADDED from src/main/AndroidManifest.xml:2:70-108
		INJECTED from src/main/AndroidManifest.xml
		INJECTED from src/main/AndroidManifest.xml
	android:versionName
		INJECTED from src/main/AndroidManifest.xml
		ADDED from src/main/AndroidManifest.xml:2:1-33:12
		INJECTED from src/main/AndroidManifest.xml
	xmlns:tools
		ADDED from src/main/AndroidManifest.xml:2:109-155
	android:versionCode
		INJECTED from src/main/AndroidManifest.xml
		ADDED from src/main/AndroidManifest.xml:2:1-33:12
		INJECTED from src/main/AndroidManifest.xml
	xmlns:android
		ADDED from src/main/AndroidManifest.xml:2:11-69
	android:installLocation
		ADDED from src/main/AndroidManifest.xml:2:156-196
supports-screens
ADDED from src/main/AndroidManifest.xml:3:3-163
	android:largeScreens
		ADDED from src/main/AndroidManifest.xml:3:78-105
	android:smallScreens
		ADDED from src/main/AndroidManifest.xml:3:21-48
	android:normalScreens
		ADDED from src/main/AndroidManifest.xml:3:49-77
	android:xlargeScreens
		ADDED from src/main/AndroidManifest.xml:3:106-134
	android:anyDensity
		ADDED from src/main/AndroidManifest.xml:3:135-160
application
ADDED from src/main/AndroidManifest.xml:4:3-17:17
MERGED from [:arcore_client:] AndroidManifest.xml:30:5-44:19
MERGED from [:arcore_client:] AndroidManifest.xml:30:5-44:19
MERGED from [:arcore_unity:] AndroidManifest.xml:5:5-6:19
MERGED from [:arcore_unity:] AndroidManifest.xml:5:5-6:19
MERGED from [:google_ar_required:] AndroidManifest.xml:7:5-9:19
MERGED from [:google_ar_required:] AndroidManifest.xml:7:5-9:19
	android:label
		ADDED from src/main/AndroidManifest.xml:4:58-90
	android:icon
		ADDED from src/main/AndroidManifest.xml:4:151-182
	android:banner
		ADDED from src/main/AndroidManifest.xml:4:113-150
	android:theme
		ADDED from src/main/AndroidManifest.xml:4:16-57
	android:isGame
		ADDED from src/main/AndroidManifest.xml:4:91-112
activity#com.unity3d.player.UnityPlayerActivity
ADDED from src/main/AndroidManifest.xml:5:5-11:16
	android:screenOrientation
		ADDED from src/main/AndroidManifest.xml:5:102-139
	android:label
		ADDED from src/main/AndroidManifest.xml:5:15-47
	android:launchMode
		ADDED from src/main/AndroidManifest.xml:5:140-171
	android:hardwareAccelerated
		ADDED from src/main/AndroidManifest.xml:5:354-389
	android:configChanges
		ADDED from src/main/AndroidManifest.xml:5:172-353
	android:name
		ADDED from src/main/AndroidManifest.xml:5:48-101
intent-filter#android.intent.action.MAIN+android.intent.category.LAUNCHER
ADDED from src/main/AndroidManifest.xml:6:7-9:23
action#android.intent.action.MAIN
ADDED from src/main/AndroidManifest.xml:7:9-61
	android:name
		ADDED from src/main/AndroidManifest.xml:7:17-58
category#android.intent.category.LAUNCHER
ADDED from src/main/AndroidManifest.xml:8:9-69
	android:name
		ADDED from src/main/AndroidManifest.xml:8:19-66
meta-data#unityplayer.UnityActivity
ADDED from src/main/AndroidManifest.xml:10:7-82
	android:value
		ADDED from src/main/AndroidManifest.xml:10:59-79
	android:name
		ADDED from src/main/AndroidManifest.xml:10:18-58
meta-data#unity.build-id
ADDED from src/main/AndroidManifest.xml:12:5-101
	android:value
		ADDED from src/main/AndroidManifest.xml:12:46-98
	android:name
		ADDED from src/main/AndroidManifest.xml:12:16-45
meta-data#unity.splash-mode
ADDED from src/main/AndroidManifest.xml:13:5-69
	android:value
		ADDED from src/main/AndroidManifest.xml:13:49-66
	android:name
		ADDED from src/main/AndroidManifest.xml:13:16-48
meta-data#unity.splash-enable
ADDED from src/main/AndroidManifest.xml:14:5-75
	android:value
		ADDED from src/main/AndroidManifest.xml:14:51-72
	android:name
		ADDED from src/main/AndroidManifest.xml:14:16-50
meta-data#unity.tango-enable
ADDED from src/main/AndroidManifest.xml:15:5-73
	android:value
		ADDED from src/main/AndroidManifest.xml:15:50-70
	android:name
		ADDED from src/main/AndroidManifest.xml:15:16-49
meta-data#unityplayer.SkipPermissionsDialog
ADDED from src/main/AndroidManifest.xml:16:5-88
	android:value
		ADDED from src/main/AndroidManifest.xml:16:65-85
	android:name
		ADDED from src/main/AndroidManifest.xml:16:16-64
uses-feature#0x00020000
ADDED from src/main/AndroidManifest.xml:18:3-52
	android:glEsVersion
		ADDED from src/main/AndroidManifest.xml:18:17-49
uses-permission#android.permission.INTERNET
ADDED from src/main/AndroidManifest.xml:19:3-65
	android:name
		ADDED from src/main/AndroidManifest.xml:19:20-62
uses-permission#android.permission.CAMERA
ADDED from src/main/AndroidManifest.xml:20:3-63
	android:name
		ADDED from src/main/AndroidManifest.xml:20:20-60
uses-feature#android.hardware.camera
ADDED from src/main/AndroidManifest.xml:21:3-82
	android:required
		ADDED from src/main/AndroidManifest.xml:21:56-79
	android:name
		ADDED from src/main/AndroidManifest.xml:21:17-55
uses-feature#android.hardware.camera.autofocus
ADDED from src/main/AndroidManifest.xml:22:3-92
	android:required
		ADDED from src/main/AndroidManifest.xml:22:66-89
	android:name
		ADDED from src/main/AndroidManifest.xml:22:17-65
uses-feature#android.hardware.camera.front
ADDED from src/main/AndroidManifest.xml:23:3-88
	android:required
		ADDED from src/main/AndroidManifest.xml:23:62-85
	android:name
		ADDED from src/main/AndroidManifest.xml:23:17-61
uses-permission#android.permission.RECORD_AUDIO
ADDED from src/main/AndroidManifest.xml:24:3-69
	android:name
		ADDED from src/main/AndroidManifest.xml:24:20-66
uses-permission#android.permission.ACCESS_WIFI_STATE
ADDED from src/main/AndroidManifest.xml:25:3-74
	android:name
		ADDED from src/main/AndroidManifest.xml:25:20-71
uses-permission#android.permission.CHANGE_WIFI_STATE
ADDED from src/main/AndroidManifest.xml:26:3-74
	android:name
		ADDED from src/main/AndroidManifest.xml:26:20-71
uses-feature#android.hardware.microphone
ADDED from src/main/AndroidManifest.xml:27:3-87
	android:required
		ADDED from src/main/AndroidManifest.xml:27:60-84
	android:name
		ADDED from src/main/AndroidManifest.xml:27:17-59
uses-permission#android.permission.WRITE_EXTERNAL_STORAGE
ADDED from src/main/AndroidManifest.xml:28:3-79
	android:name
		ADDED from src/main/AndroidManifest.xml:28:20-76
uses-permission#android.permission.READ_EXTERNAL_STORAGE
ADDED from src/main/AndroidManifest.xml:29:3-78
	android:name
		ADDED from src/main/AndroidManifest.xml:29:20-75
uses-feature#android.hardware.touchscreen
ADDED from src/main/AndroidManifest.xml:30:3-88
	android:required
		ADDED from src/main/AndroidManifest.xml:30:61-85
	android:name
		ADDED from src/main/AndroidManifest.xml:30:17-60
uses-feature#android.hardware.touchscreen.multitouch
ADDED from src/main/AndroidManifest.xml:31:3-99
	android:required
		ADDED from src/main/AndroidManifest.xml:31:72-96
	android:name
		ADDED from src/main/AndroidManifest.xml:31:17-71
uses-feature#android.hardware.touchscreen.multitouch.distinct
ADDED from src/main/AndroidManifest.xml:32:3-108
	android:required
		ADDED from src/main/AndroidManifest.xml:32:81-105
	android:name
		ADDED from src/main/AndroidManifest.xml:32:17-80
uses-sdk
INJECTED from src/main/AndroidManifest.xml reason: use-sdk injection requested
INJECTED from src/main/AndroidManifest.xml
INJECTED from src/main/AndroidManifest.xml
MERGED from [:arcore_client:] AndroidManifest.xml:26:5-28:41
MERGED from [:arcore_client:] AndroidManifest.xml:26:5-28:41
MERGED from [:google_ar_required:] AndroidManifest.xml:6:5-43
MERGED from [:google_ar_required:] AndroidManifest.xml:6:5-43
MERGED from [:unityandroidpermissions:] AndroidManifest.xml:11:5-13:41
MERGED from [:unityandroidpermissions:] AndroidManifest.xml:11:5-13:41
MERGED from [:unitygar:] AndroidManifest.xml:7:5-9:41
MERGED from [:unitygar:] AndroidManifest.xml:7:5-9:41
INJECTED from src/main/AndroidManifest.xml
INJECTED from src/main/AndroidManifest.xml
	android:targetSdkVersion
		INJECTED from src/main/AndroidManifest.xml
		ADDED from src/main/AndroidManifest.xml
		INJECTED from src/main/AndroidManifest.xml
	android:minSdkVersion
		INJECTED from src/main/AndroidManifest.xml
		ADDED from src/main/AndroidManifest.xml
		INJECTED from src/main/AndroidManifest.xml
activity#com.google.ar.core.InstallActivity
ADDED from [:arcore_client:] AndroidManifest.xml:33:9-39:80
	android:excludeFromRecents
		ADDED from [:arcore_client:] AndroidManifest.xml:36:13-46
	android:launchMode
		ADDED from [:arcore_client:] AndroidManifest.xml:38:13-43
	android:exported
		ADDED from [:arcore_client:] AndroidManifest.xml:37:13-37
	android:configChanges
		ADDED from [:arcore_client:] AndroidManifest.xml:35:13-74
	android:theme
		ADDED from [:arcore_client:] AndroidManifest.xml:39:13-77
	android:name
		ADDED from [:arcore_client:] AndroidManifest.xml:34:13-62
meta-data#com.google.ar.core.min_apk_version
ADDED from [:arcore_client:] AndroidManifest.xml:41:9-43:41
	android:value
		ADDED from [:arcore_client:] AndroidManifest.xml:43:13-38
	android:name
		ADDED from [:arcore_client:] AndroidManifest.xml:42:13-62
uses-permission#android.permission.READ_PHONE_STATE
IMPLIED from src/main/AndroidManifest.xml:2:1-33:12 reason: third_party.arcore.ar.unity has a targetSdkVersion < 4
meta-data#com.google.ar.core
ADDED from [:google_ar_required:] AndroidManifest.xml:8:9-81
	android:value
		ADDED from [:google_ar_required:] AndroidManifest.xml:8:54-78
	android:name
		ADDED from [:google_ar_required:] AndroidManifest.xml:8:20-53
uses-feature#android.hardware.camera.ar
ADDED from [:google_ar_required:] AndroidManifest.xml:10:5-86
	android:required
		ADDED from [:google_ar_required:] AndroidManifest.xml:10:61-84
	android:name
		ADDED from [:google_ar_required:] AndroidManifest.xml:10:19-60